<?xml version="1.0" encoding="UTF-8" ?>
<testsuite failures="0" time="0.035" errors="0" skipped="0" tests="39" name="cz.muni.fi.jarvan.auth.CvTest">
  <properties>
[...]
</properties>
  <testcase time="0.001" classname="cz.muni.fi.jarvan.auth.CvTest" name="testExSetFirstName1"/>
  <testcase time="0" classname="cz.muni.fi.jarvan.auth.CvTest" name="testExSetFirstName2"/>
  <testcase time="0" classname="cz.muni.fi.jarvan.auth.CvTest" name="testExSetFirstName3"/>
  <testcase time="0" classname="cz.muni.fi.jarvan.auth.CvTest" name="testSetFirstName4"/>
  <testcase time="0" classname="cz.muni.fi.jarvan.auth.CvTest" name="testExcSetLastName"/>
  <testcase time="0.001" classname="cz.muni.fi.jarvan.auth.CvTest" name="testExcSetLastName1"/>
  <testcase time="0" classname="cz.muni.fi.jarvan.auth.CvTest" name="testExcSetLastName2"/>
  <testcase time="0.001" classname="cz.muni.fi.jarvan.auth.CvTest" name="testExcSetLastName3"/>
  <testcase time="0" classname="cz.muni.fi.jarvan.auth.CvTest" name="testSetLastName4"/>
  <testcase time="0.001" classname="cz.muni.fi.jarvan.auth.CvTest" name="testSetDateOfBirth"/>
  <testcase time="0" classname="cz.muni.fi.jarvan.auth.CvTest" name="testSetDateOfBirth1"/>
  <testcase time="0" classname="cz.muni.fi.jarvan.auth.CvTest" name="testSetDateOfBirth2"/>
  <testcase time="0" classname="cz.muni.fi.jarvan.auth.CvTest" name="testSetDateOfBirth3"/>
  <testcase time="0" classname="cz.muni.fi.jarvan.auth.CvTest" name="testSetDateOfBirth4"/>
  <testcase time="0" classname="cz.muni.fi.jarvan.auth.CvTest" name="testSetDateOfBirth5"/>
  <testcase time="0.007" classname="cz.muni.fi.jarvan.auth.CvTest" name="testSetDateOfBirth6"/>
  <testcase time="0" classname="cz.muni.fi.jarvan.auth.CvTest" name="testSetHomeNumber"/>
  <testcase time="0.001" classname="cz.muni.fi.jarvan.auth.CvTest" name="testSetHomeNumber1"/>
  <testcase time="0" classname="cz.muni.fi.jarvan.auth.CvTest" name="testSetMobileNumber"/>
  <testcase time="0.001" classname="cz.muni.fi.jarvan.auth.CvTest" name="testExSetFirstName"/>
  <testcase time="0" classname="cz.muni.fi.jarvan.auth.CvTest" name="testSetMobileNumber1"/>
  <testcase time="0.001" classname="cz.muni.fi.jarvan.auth.CvTest" name="testSetStreet"/>
  <testcase time="0" classname="cz.muni.fi.jarvan.auth.CvTest" name="testSetStreet1"/>
  <testcase time="0.001" classname="cz.muni.fi.jarvan.auth.CvTest" name="testSetStreet2"/>
  <testcase time="0" classname="cz.muni.fi.jarvan.auth.CvTest" name="testSetStreet3"/>
  <testcase time="0" classname="cz.muni.fi.jarvan.auth.CvTest" name="testSetStreet4"/>
  <testcase time="0.001" classname="cz.muni.fi.jarvan.auth.CvTest" name="testSetStreet5"/>
  <testcase time="0" classname="cz.muni.fi.jarvan.auth.CvTest" name="testSetCity"/>
  <testcase time="0" classname="cz.muni.fi.jarvan.auth.CvTest" name="testSetCity1"/>
  <testcase time="0" classname="cz.muni.fi.jarvan.auth.CvTest" name="testSetCity2"/>
  <testcase time="0" classname="cz.muni.fi.jarvan.auth.CvTest" name="testSetCity3"/>
  <testcase time="0" classname="cz.muni.fi.jarvan.auth.CvTest" name="testSetCity4"/>
  <testcase time="0" classname="cz.muni.fi.jarvan.auth.CvTest" name="testSetZip"/>
  <testcase time="0.001" classname="cz.muni.fi.jarvan.auth.CvTest" name="testSetZip1"/>
  <testcase time="0" classname="cz.muni.fi.jarvan.auth.CvTest" name="testSetZip2"/>
  <testcase time="0" classname="cz.muni.fi.jarvan.auth.CvTest" name="testSetZip3"/>
  <testcase time="0" classname="cz.muni.fi.jarvan.auth.CvTest" name="testSetZip4"/>
  <testcase time="0" classname="cz.muni.fi.jarvan.auth.CvTest" name="testSetZip5"/>
  <testcase time="0.001" classname="cz.muni.fi.jarvan.auth.CvTest" name="testSetStreet6"/>
</testsuite>